<?xml version="1.0" encoding="UTF-8"?>
<testsuite name="com.sample.cws.ServiceTest" tests="3" skipped="0" failures="0" errors="0" timestamp="2020-06-02T16:01:34" hostname="bhuva" time="1.2">
  <properties/>
  <testcase name="shouldReturnSuccessResponseOnVehicleDetailsAPICall" classname="com.sample.cws.ServiceTest" time="1.101"/>
  <testcase name="shouldReturnSuccessResponseOnVehicleDetailsListAPICall" classname="com.sample.cws.ServiceTest" time="0.076"/>
  <testcase name="shouldReturnBadRequestErrorOnVehicleDetailsAPICallWithInvalidVehicleId" classname="com.sample.cws.ServiceTest" time="0.02"/>
  <system-out><![CDATA[17:01:24.941 [Test worker] DEBUG org.springframework.test.context.junit4.SpringJUnit4ClassRunner - SpringJUnit4ClassRunner constructor called with [class com.sample.cws.ServiceTest]
17:01:24.941 [Test worker] DEBUG org.springframework.test.context.BootstrapUtils - Instantiating CacheAwareContextLoaderDelegate from class [org.springframework.test.context.cache.DefaultCacheAwareContextLoaderDelegate]
17:01:24.941 [Test worker] DEBUG org.springframework.test.context.BootstrapUtils - Instantiating BootstrapContext using constructor [public org.springframework.test.context.support.DefaultBootstrapContext(java.lang.Class,org.springframework.test.context.CacheAwareContextLoaderDelegate)]
17:01:24.952 [Test worker] DEBUG org.springframework.test.context.BootstrapUtils - Instantiating TestContextBootstrapper for test class [com.sample.cws.ServiceTest] from class [org.springframework.boot.test.context.SpringBootTestContextBootstrapper]
17:01:24.961 [Test worker] INFO org.springframework.boot.test.context.SpringBootTestContextBootstrapper - Neither @ContextConfiguration nor @ContextHierarchy found for test class [com.sample.cws.ServiceTest], using SpringBootContextLoader
17:01:24.961 [Test worker] DEBUG org.springframework.test.context.support.AbstractContextLoader - Did not detect default resource location for test class [com.sample.cws.ServiceTest]: class path resource [com/sample/cws/ServiceTest-context.xml] does not exist
17:01:24.963 [Test worker] DEBUG org.springframework.test.context.support.AbstractContextLoader - Did not detect default resource location for test class [com.sample.cws.ServiceTest]: class path resource [com/sample/cws/ServiceTestContext.groovy] does not exist
17:01:24.963 [Test worker] INFO org.springframework.test.context.support.AbstractContextLoader - Could not detect default resource locations for test class [com.sample.cws.ServiceTest]: no resource found for suffixes {-context.xml, Context.groovy}.
17:01:24.963 [Test worker] INFO org.springframework.test.context.support.AnnotationConfigContextLoaderUtils - Could not detect default configuration classes for test class [com.sample.cws.ServiceTest]: ServiceTest does not declare any static, non-private, non-final, nested classes annotated with @Configuration.
17:01:24.969 [Test worker] DEBUG org.springframework.test.context.support.ActiveProfilesUtils - Could not find an 'annotation declaring class' for annotation type [org.springframework.test.context.ActiveProfiles] and class [com.sample.cws.ServiceTest]
17:01:25.055 [Test worker] DEBUG org.springframework.context.annotation.ClassPathScanningCandidateComponentProvider - Identified candidate component class: file [C:\work\Cognizant\car-warehouse-service\build\classes\java\main\com\sample\cws\CarWarehouseApplication.class]
17:01:25.056 [Test worker] INFO org.springframework.boot.test.context.SpringBootTestContextBootstrapper - Found @SpringBootConfiguration com.sample.cws.CarWarehouseApplication for test class com.sample.cws.ServiceTest
17:01:25.440 [Test worker] DEBUG org.springframework.boot.test.context.SpringBootTestContextBootstrapper - @TestExecutionListeners is not present for class [com.sample.cws.ServiceTest]: using defaults.
17:01:25.440 [Test worker] INFO org.springframework.boot.test.context.SpringBootTestContextBootstrapper - Loaded default TestExecutionListener class names from location [META-INF/spring.factories]: [org.springframework.boot.test.autoconfigure.restdocs.RestDocsTestExecutionListener, org.springframework.boot.test.autoconfigure.web.client.MockRestServiceServerResetTestExecutionListener, org.springframework.boot.test.autoconfigure.web.servlet.MockMvcPrintOnlyOnFailureTestExecutionListener, org.springframework.boot.test.autoconfigure.web.servlet.WebDriverTestExecutionListener, org.springframework.boot.test.mock.mockito.MockitoTestExecutionListener, org.springframework.boot.test.mock.mockito.ResetMocksTestExecutionListener, org.springframework.test.context.web.ServletTestExecutionListener, org.springframework.test.context.support.DirtiesContextBeforeModesTestExecutionListener, org.springframework.test.context.support.DependencyInjectionTestExecutionListener, org.springframework.test.context.support.DirtiesContextTestExecutionListener, org.springframework.test.context.transaction.TransactionalTestExecutionListener, org.springframework.test.context.jdbc.SqlScriptsTestExecutionListener, org.springframework.test.context.event.EventPublishingTestExecutionListener]
17:01:25.444 [Test worker] INFO org.springframework.boot.test.context.SpringBootTestContextBootstrapper - Using TestExecutionListeners: [org.springframework.test.context.web.ServletTestExecutionListener@791f26d4, org.springframework.test.context.support.DirtiesContextBeforeModesTestExecutionListener@133a4b6b, org.springframework.boot.test.mock.mockito.MockitoTestExecutionListener@484fbe2e, org.springframework.boot.test.autoconfigure.SpringBootDependencyInjectionTestExecutionListener@b8266d5, org.springframework.test.context.support.DirtiesContextTestExecutionListener@b2bc8f7, org.springframework.test.context.transaction.TransactionalTestExecutionListener@4a0babea, org.springframework.test.context.jdbc.SqlScriptsTestExecutionListener@7f00c24b, org.springframework.test.context.event.EventPublishingTestExecutionListener@67acb7b0, org.springframework.boot.test.autoconfigure.restdocs.RestDocsTestExecutionListener@3215a7c2, org.springframework.boot.test.autoconfigure.web.client.MockRestServiceServerResetTestExecutionListener@25d61e91, org.springframework.boot.test.autoconfigure.web.servlet.MockMvcPrintOnlyOnFailureTestExecutionListener@5cbd92fa, org.springframework.boot.test.autoconfigure.web.servlet.WebDriverTestExecutionListener@5eaebfea, org.springframework.boot.test.mock.mockito.ResetMocksTestExecutionListener@419a284a]
17:01:25.444 [Test worker] DEBUG org.springframework.test.annotation.ProfileValueUtils - Retrieved @ProfileValueSourceConfiguration [null] for test class [com.sample.cws.ServiceTest]
17:01:25.444 [Test worker] DEBUG org.springframework.test.annotation.ProfileValueUtils - Retrieved ProfileValueSource type [class org.springframework.test.annotation.SystemProfileValueSource] for class [com.sample.cws.ServiceTest]
17:01:25.444 [Test worker] DEBUG org.springframework.test.annotation.ProfileValueUtils - Retrieved @ProfileValueSourceConfiguration [null] for test class [com.sample.cws.ServiceTest]
17:01:25.445 [Test worker] DEBUG org.springframework.test.annotation.ProfileValueUtils - Retrieved ProfileValueSource type [class org.springframework.test.annotation.SystemProfileValueSource] for class [com.sample.cws.ServiceTest]
17:01:25.446 [Test worker] DEBUG org.springframework.test.context.support.AbstractDirtiesContextTestExecutionListener - Before test class: context [DefaultTestContext@542d947e testClass = ServiceTest, testInstance = [null], testMethod = [null], testException = [null], mergedContextConfiguration = [WebMergedContextConfiguration@64b7e643 testClass = ServiceTest, locations = '{}', classes = '{class com.sample.cws.CarWarehouseApplication}', contextInitializerClasses = '[]', activeProfiles = '{}', propertySourceLocations = '{}', propertySourceProperties = '{org.springframework.boot.test.context.SpringBootTestContextBootstrapper=true}', contextCustomizers = set[org.springframework.boot.test.autoconfigure.properties.PropertyMappingContextCustomizer@0, org.springframework.boot.test.autoconfigure.web.servlet.WebDriverContextCustomizerFactory$Customizer@4b94bc37, org.springframework.boot.test.context.filter.ExcludeFilterContextCustomizer@4ce2a522, org.springframework.boot.test.json.DuplicateJsonObjectContextCustomizerFactory$DuplicateJsonObjectContextCustomizer@32ae3fb5, org.springframework.boot.test.mock.mockito.MockitoContextCustomizer@0, org.springframework.boot.test.web.client.TestRestTemplateContextCustomizer@40b5cecd, org.springframework.boot.test.context.SpringBootTestArgs@1], resourceBasePath = 'src/main/webapp', contextLoader = 'org.springframework.boot.test.context.SpringBootContextLoader', parent = [null]], attributes = map['org.springframework.test.context.web.ServletTestExecutionListener.activateListener' -> true]], class annotated with @DirtiesContext [false] with mode [null].
17:01:25.446 [Test worker] DEBUG org.springframework.test.annotation.ProfileValueUtils - Retrieved @ProfileValueSourceConfiguration [null] for test class [com.sample.cws.ServiceTest]
17:01:25.446 [Test worker] DEBUG org.springframework.test.annotation.ProfileValueUtils - Retrieved ProfileValueSource type [class org.springframework.test.annotation.SystemProfileValueSource] for class [com.sample.cws.ServiceTest]
17:01:25.513 [Test worker] DEBUG org.springframework.test.context.support.TestPropertySourceUtils - Adding inlined properties to environment: {spring.jmx.enabled=false, org.springframework.boot.test.context.SpringBootTestContextBootstrapper=true, server.port=-1}

  .   ____          _            __ _ _
 /\\ / ___'_ __ _ _(_)_ __  __ _ \ \ \ \
( ( )\___ | '_ | '_| | '_ \/ _` | \ \ \ \
 \\/  ___)| |_)| | | | | || (_| |  ) ) ) )
  '  |____| .__|_| |_|_| |_\__, | / / / /
 =========|_|==============|___/=/_/_/_/
 :: Spring Boot ::        (v2.2.7.RELEASE)

2020-06-02 17:01:26.564  INFO 5736 --- [    Test worker] com.sample.cws.ServiceTest               : Starting ServiceTest on bhuva with PID 5736 (started by bhuva in C:\work\Cognizant\car-warehouse-service)
2020-06-02 17:01:26.566  INFO 5736 --- [    Test worker] com.sample.cws.ServiceTest               : No active profile set, falling back to default profiles: default
2020-06-02 17:01:28.720  INFO 5736 --- [    Test worker] .s.d.r.c.RepositoryConfigurationDelegate : Bootstrapping Spring Data MongoDB repositories in DEFAULT mode.
2020-06-02 17:01:28.770  INFO 5736 --- [    Test worker] .s.d.r.c.RepositoryConfigurationDelegate : Finished Spring Data repository scanning in 31ms. Found 0 MongoDB repository interfaces.
2020-06-02 17:01:30.312  INFO 5736 --- [    Test worker] org.mongodb.driver.cluster               : Cluster created with settings {hosts=[127.0.0.1:27017], mode=SINGLE, requiredClusterType=UNKNOWN, serverSelectionTimeout='30000 ms', maxWaitQueueSize=500}
2020-06-02 17:01:30.475  INFO 5736 --- [127.0.0.1:27017] org.mongodb.driver.connection            : Opened connection [connectionId{localValue:1, serverValue:15}] to 127.0.0.1:27017
2020-06-02 17:01:30.484  INFO 5736 --- [127.0.0.1:27017] org.mongodb.driver.cluster               : Monitor thread successfully connected to server with description ServerDescription{address=127.0.0.1:27017, type=STANDALONE, state=CONNECTED, ok=true, version=ServerVersion{versionList=[3, 4, 24]}, minWireVersion=0, maxWireVersion=5, maxDocumentSize=16777216, logicalSessionTimeoutMinutes=null, roundTripTimeNanos=2264700}
2020-06-02 17:01:32.791  INFO 5736 --- [    Test worker] o.s.s.concurrent.ThreadPoolTaskExecutor  : Initializing ExecutorService 'applicationTaskExecutor'
2020-06-02 17:01:34.467  INFO 5736 --- [    Test worker] com.sample.cws.ServiceTest               : Started ServiceTest in 8.937 seconds (JVM running for 14.202)
2020-06-02 17:01:34.593  INFO 5736 --- [    Test worker] o.s.b.t.m.w.SpringBootMockServletContext : Initializing Spring TestDispatcherServlet ''
2020-06-02 17:01:34.594  INFO 5736 --- [    Test worker] o.s.t.web.servlet.TestDispatcherServlet  : Initializing Servlet ''
2020-06-02 17:01:34.677  INFO 5736 --- [    Test worker] o.s.t.web.servlet.TestDispatcherServlet  : Completed initialization in 82 ms
2020-06-02 17:01:34.819  INFO 5736 --- [    Test worker] c.s.c.c.CarWarehouseController           : Invoking getVehicleDetails() for vehicleId: [1]
2020-06-02 17:01:34.820  INFO 5736 --- [    Test worker] c.s.cws.handlers.CarWarehouseHandler     : Invoking getVehicleDetails for vehicleId: [1]
2020-06-02 17:01:34.846  INFO 5736 --- [    Test worker] c.s.c.R.CarWarehouseRepositoryImp        : Invoking findByVehicleId() for vehicleId [1]
2020-06-02 17:01:35.386  INFO 5736 --- [    Test worker] org.mongodb.driver.connection            : Opened connection [connectionId{localValue:2, serverValue:16}] to 127.0.0.1:27017
2020-06-02 17:01:35.520  INFO 5736 --- [    Test worker] c.s.cws.handlers.CarWarehouseHandler     : Returning extracted vehicle details
2020-06-02 17:01:35.678  INFO 5736 --- [    Test worker] o.s.b.t.m.w.SpringBootMockServletContext : Initializing Spring TestDispatcherServlet ''
2020-06-02 17:01:35.679  INFO 5736 --- [    Test worker] o.s.t.web.servlet.TestDispatcherServlet  : Initializing Servlet ''
2020-06-02 17:01:35.684  INFO 5736 --- [    Test worker] o.s.t.web.servlet.TestDispatcherServlet  : Completed initialization in 5 ms
2020-06-02 17:01:35.686  INFO 5736 --- [    Test worker] c.s.cws.handlers.CarWarehouseHandler     : Invoking getVehicleList
2020-06-02 17:01:35.686  INFO 5736 --- [    Test worker] c.s.c.R.CarWarehouseRepositoryImp        : Invoking getAllVehicleDetails()
2020-06-02 17:01:35.722  INFO 5736 --- [    Test worker] c.s.cws.handlers.CarWarehouseHandler     : Returning extracted carList
2020-06-02 17:01:35.754  INFO 5736 --- [    Test worker] o.s.b.t.m.w.SpringBootMockServletContext : Initializing Spring TestDispatcherServlet ''
2020-06-02 17:01:35.755  INFO 5736 --- [    Test worker] o.s.t.web.servlet.TestDispatcherServlet  : Initializing Servlet ''
2020-06-02 17:01:35.761  INFO 5736 --- [    Test worker] o.s.t.web.servlet.TestDispatcherServlet  : Completed initialization in 6 ms
2020-06-02 17:01:35.763  INFO 5736 --- [    Test worker] c.s.c.c.CarWarehouseController           : Invoking getVehicleDetails() for vehicleId: [110]
2020-06-02 17:01:35.763  INFO 5736 --- [    Test worker] c.s.cws.handlers.CarWarehouseHandler     : Invoking getVehicleDetails for vehicleId: [110]
2020-06-02 17:01:35.763  INFO 5736 --- [    Test worker] c.s.c.R.CarWarehouseRepositoryImp        : Invoking findByVehicleId() for vehicleId [110]
2020-06-02 17:01:35.766  INFO 5736 --- [    Test worker] c.s.cws.handlers.CarWarehouseHandler     : No vehicle details found for vehicleId [110] returning null
]]></system-out>
  <system-err><![CDATA[]]></system-err>
</testsuite>
