<?xml version="1.0" encoding="UTF-8"?>
<testsuite name="com.sample.cws.handlers.CarWarehouseHandlerTest" tests="1" skipped="0" failures="0" errors="0" timestamp="2020-06-01T12:52:52" hostname="bhuva" time="0.016">
  <properties/>
  <testcase name="shouldReturnCorrectExtractedList" classname="com.sample.cws.handlers.CarWarehouseHandlerTest" time="0.016"/>
  <system-out><![CDATA[2020-06-01 13:52:52.738  INFO 11328 --- [    Test worker] c.s.cws.handlers.CarWarehouseHandler     : Invoking extractVehicleList
2020-06-01 13:52:52.739  INFO 11328 --- [    Test worker] c.s.cws.handlers.CarWarehouseHandler     : Returning extracted carList
]]></system-out>
  <system-err><![CDATA[]]></system-err>
</testsuite>
